============================= test session starts =============================
platform win32 -- Python 3.14.2, pytest-9.0.2, pluggy-1.6.0 -- C:\Users\harsh\AppData\Local\Programs\Python\Python314\python.exe
cachedir: .pytest_cache
django: version: 6.0.2, settings: django_app.settings (from ini)
rootdir: C:\Users\harsh\OneDrive\Desktop\interneers-lab\interneers-lab\backend\python
configfile: pytest.ini
plugins: django-4.12.0
collecting ... collected 10 items

products/tests/test_product_service.py::TestProductService::test_create_product_success[Product 1-Desc 1-Brand A-10.0-5] FAILED [ 10%]
products/tests/test_product_service.py::TestProductService::test_create_product_success[Product 2-Desc 2-Brand B-20.0-10] FAILED [ 20%]
products/tests/test_product_service.py::TestProductService::test_create_product_success[Product 3-Desc 3-Brand C-30.0-15] FAILED [ 30%]
products/tests/test_product_service.py::TestProductService::test_create_product_schema_validation[-Brand-10.0-1-ensure this value has at least 1 characters] PASSED [ 40%]
products/tests/test_product_service.py::TestProductService::test_create_product_schema_validation[Name--10.0-1-ensure this value has at least 1 characters] PASSED [ 50%]
products/tests/test_product_service.py::TestProductService::test_create_product_schema_validation[Name-Brand--10.0-1-ensure this value is greater than 0] PASSED [ 60%]
products/tests/test_product_service.py::TestProductService::test_create_product_schema_validation[Name-Brand-10.0--1-ensure this value is greater than or equal to 0] PASSED [ 70%]
products/tests/test_product_service.py::TestProductService::test_create_product_duplicate PASSED [ 80%]
products/tests/test_product_service.py::TestProductService::test_list_products_invalid_category PASSED [ 90%]
products/tests/test_product_service.py::TestProductService::test_create_product_invalid_category PASSED [100%]

================================== FAILURES ===================================
_ TestProductService.test_create_product_success[Product 1-Desc 1-Brand A-10.0-5] _

self = <products.tests.test_product_service.TestProductService object at 0x0000020C14ACDA90>
mock_gen_cat = <MagicMock name='_get_or_create_general_category_id' id='2250911695264'>
service = <products.services.product_service.ProductService object at 0x0000020C14BB7E00>
mock_repo = <MagicMock id='2250888822272'>, name = 'Product 1'
description = 'Desc 1', brand = 'Brand A', price = 10.0, quantity = 5

    @pytest.mark.parametrize("name,description,brand,price,quantity", [
        ("Product 1", "Desc 1", "Brand A", 10.0, 5),
        ("Product 2", "Desc 2", "Brand B", 20.0, 10),
        ("Product 3", "Desc 3", "Brand C", 30.0, 15),
    ])
    @patch('products.services.product_service.ProductService._get_or_create_general_category_id')
    def test_create_product_success(self, mock_gen_cat, service, mock_repo, name, description, brand, price, quantity):
        mock_gen_cat.return_value = ObjectId()
        req = ProductCreateRequest(name=name, description=description, brand=brand, price=price, quantity=quantity)
    
        mock_repo.get_by_precise_match.return_value = None
    
        mock_doc = MagicMock()
        mock_doc.id = ObjectId()
        mock_doc.name = name
        mock_doc.description = description
        mock_doc.brand = brand
        mock_doc.category_id = MagicMock(id=mock_gen_cat.return_value)
        mock_doc.price = price
        mock_doc.quantity = quantity
        mock_doc.created_at = datetime.now(timezone.utc)
        mock_doc.updated_at = datetime.now(timezone.utc)
        mock_repo.create.return_value = mock_doc
    
>       result = service.create_product(req)
                 ^^^^^^^^^^^^^^^^^^^^^^^^^^^

products\tests\test_product_service.py:42: 
_ _ _ _ _ _ _ _ _ _ _ _ _ _ _ _ _ _ _ _ _ _ _ _ _ _ _ _ _ _ _ _ _ _ _ _ _ _ _ _
products\services\product_service.py:39: in create_product
    return self._to_response(doc)
           ^^^^^^^^^^^^^^^^^^^^^^
_ _ _ _ _ _ _ _ _ _ _ _ _ _ _ _ _ _ _ _ _ _ _ _ _ _ _ _ _ _ _ _ _ _ _ _ _ _ _ _

self = <products.services.product_service.ProductService object at 0x0000020C14BB7E00>
doc = <MagicMock name='mock.create()' id='2250911696272'>

    def _to_response(self, doc) -> ProductResponse:
        from bson import ObjectId
    
        cat_id = None
        cat_name = "Uncategorized"
    
        if doc.category_id:
            if isinstance(doc.category_id, ObjectId):
                cat_id = str(doc.category_id)
            else:
                # It's a document reference
                cat_id = str(doc.category_id.id)
                cat_name = getattr(doc.category_id, "title", "Uncategorized")
    
>       return ProductResponse(
            id=str(doc.id),
            name=doc.name,
            description=doc.description or "",
            brand=doc.brand,
            category_id=cat_id,
            category_name=cat_name,
            price=float(doc.price),
            quantity=int(doc.quantity),
            created_by=getattr(doc, "created_by", ""),
            created_at=doc.created_at.isoformat(),
            updated_at=doc.updated_at.isoformat(),
        )
E       pydantic_core._pydantic_core.ValidationError: 2 validation errors for ProductResponse
E       category_name
E         Input should be a valid string [type=string_type, input_value=<MagicMock name='mock.cre...tle' id='2250911697616'>, input_type=MagicMock]
E           For further information visit https://errors.pydantic.dev/2.12/v/string_type
E       created_by
E         Input should be a valid string [type=string_type, input_value=<MagicMock name='mock.cre..._by' id='2250911697952'>, input_type=MagicMock]
E           For further information visit https://errors.pydantic.dev/2.12/v/string_type

products\services\product_service.py:212: ValidationError
_ TestProductService.test_create_product_success[Product 2-Desc 2-Brand B-20.0-10] _

self = <products.tests.test_product_service.TestProductService object at 0x0000020C14ACE710>
mock_gen_cat = <MagicMock name='_get_or_create_general_category_id' id='2250911700976'>
service = <products.services.product_service.ProductService object at 0x0000020C14C51F90>
mock_repo = <MagicMock id='2250911698960'>, name = 'Product 2'
description = 'Desc 2', brand = 'Brand B', price = 20.0, quantity = 10

    @pytest.mark.parametrize("name,description,brand,price,quantity", [
        ("Product 1", "Desc 1", "Brand A", 10.0, 5),
        ("Product 2", "Desc 2", "Brand B", 20.0, 10),
        ("Product 3", "Desc 3", "Brand C", 30.0, 15),
    ])
    @patch('products.services.product_service.ProductService._get_or_create_general_category_id')
    def test_create_product_success(self, mock_gen_cat, service, mock_repo, name, description, brand, price, quantity):
        mock_gen_cat.return_value = ObjectId()
        req = ProductCreateRequest(name=name, description=description, brand=brand, price=price, quantity=quantity)
    
        mock_repo.get_by_precise_match.return_value = None
    
        mock_doc = MagicMock()
        mock_doc.id = ObjectId()
        mock_doc.name = name
        mock_doc.description = description
        mock_doc.brand = brand
        mock_doc.category_id = MagicMock(id=mock_gen_cat.return_value)
        mock_doc.price = price
        mock_doc.quantity = quantity
        mock_doc.created_at = datetime.now(timezone.utc)
        mock_doc.updated_at = datetime.now(timezone.utc)
        mock_repo.create.return_value = mock_doc
    
>       result = service.create_product(req)
                 ^^^^^^^^^^^^^^^^^^^^^^^^^^^

products\tests\test_product_service.py:42: 
_ _ _ _ _ _ _ _ _ _ _ _ _ _ _ _ _ _ _ _ _ _ _ _ _ _ _ _ _ _ _ _ _ _ _ _ _ _ _ _
products\services\product_service.py:39: in create_product
    return self._to_response(doc)
           ^^^^^^^^^^^^^^^^^^^^^^
_ _ _ _ _ _ _ _ _ _ _ _ _ _ _ _ _ _ _ _ _ _ _ _ _ _ _ _ _ _ _ _ _ _ _ _ _ _ _ _

self = <products.services.product_service.ProductService object at 0x0000020C14C51F90>
doc = <MagicMock name='mock.create()' id='2250911701648'>

    def _to_response(self, doc) -> ProductResponse:
        from bson import ObjectId
    
        cat_id = None
        cat_name = "Uncategorized"
    
        if doc.category_id:
            if isinstance(doc.category_id, ObjectId):
                cat_id = str(doc.category_id)
            else:
                # It's a document reference
                cat_id = str(doc.category_id.id)
                cat_name = getattr(doc.category_id, "title", "Uncategorized")
    
>       return ProductResponse(
            id=str(doc.id),
            name=doc.name,
            description=doc.description or "",
            brand=doc.brand,
            category_id=cat_id,
            category_name=cat_name,
            price=float(doc.price),
            quantity=int(doc.quantity),
            created_by=getattr(doc, "created_by", ""),
            created_at=doc.created_at.isoformat(),
            updated_at=doc.updated_at.isoformat(),
        )
E       pydantic_core._pydantic_core.ValidationError: 2 validation errors for ProductResponse
E       category_name
E         Input should be a valid string [type=string_type, input_value=<MagicMock name='mock.cre...tle' id='2250911702992'>, input_type=MagicMock]
E           For further information visit https://errors.pydantic.dev/2.12/v/string_type
E       created_by
E         Input should be a valid string [type=string_type, input_value=<MagicMock name='mock.cre..._by' id='2250911703328'>, input_type=MagicMock]
E           For further information visit https://errors.pydantic.dev/2.12/v/string_type

products\services\product_service.py:212: ValidationError
_ TestProductService.test_create_product_success[Product 3-Desc 3-Brand C-30.0-15] _

self = <products.tests.test_product_service.TestProductService object at 0x0000020C14B0C050>
mock_gen_cat = <MagicMock name='_get_or_create_general_category_id' id='2250911704336'>
service = <products.services.product_service.ProductService object at 0x0000020C14C52350>
mock_repo = <MagicMock id='2250911704000'>, name = 'Product 3'
description = 'Desc 3', brand = 'Brand C', price = 30.0, quantity = 15

    @pytest.mark.parametrize("name,description,brand,price,quantity", [
        ("Product 1", "Desc 1", "Brand A", 10.0, 5),
        ("Product 2", "Desc 2", "Brand B", 20.0, 10),
        ("Product 3", "Desc 3", "Brand C", 30.0, 15),
    ])
    @patch('products.services.product_service.ProductService._get_or_create_general_category_id')
    def test_create_product_success(self, mock_gen_cat, service, mock_repo, name, description, brand, price, quantity):
        mock_gen_cat.return_value = ObjectId()
        req = ProductCreateRequest(name=name, description=description, brand=brand, price=price, quantity=quantity)
    
        mock_repo.get_by_precise_match.return_value = None
    
        mock_doc = MagicMock()
        mock_doc.id = ObjectId()
        mock_doc.name = name
        mock_doc.description = description
        mock_doc.brand = brand
        mock_doc.category_id = MagicMock(id=mock_gen_cat.return_value)
        mock_doc.price = price
        mock_doc.quantity = quantity
        mock_doc.created_at = datetime.now(timezone.utc)
        mock_doc.updated_at = datetime.now(timezone.utc)
        mock_repo.create.return_value = mock_doc
    
>       result = service.create_product(req)
                 ^^^^^^^^^^^^^^^^^^^^^^^^^^^

products\tests\test_product_service.py:42: 
_ _ _ _ _ _ _ _ _ _ _ _ _ _ _ _ _ _ _ _ _ _ _ _ _ _ _ _ _ _ _ _ _ _ _ _ _ _ _ _
products\services\product_service.py:39: in create_product
    return self._to_response(doc)
           ^^^^^^^^^^^^^^^^^^^^^^
_ _ _ _ _ _ _ _ _ _ _ _ _ _ _ _ _ _ _ _ _ _ _ _ _ _ _ _ _ _ _ _ _ _ _ _ _ _ _ _

self = <products.services.product_service.ProductService object at 0x0000020C14C52350>
doc = <MagicMock name='mock.create()' id='2250911705344'>

    def _to_response(self, doc) -> ProductResponse:
        from bson import ObjectId
    
        cat_id = None
        cat_name = "Uncategorized"
    
        if doc.category_id:
            if isinstance(doc.category_id, ObjectId):
                cat_id = str(doc.category_id)
            else:
                # It's a document reference
                cat_id = str(doc.category_id.id)
                cat_name = getattr(doc.category_id, "title", "Uncategorized")
    
>       return ProductResponse(
            id=str(doc.id),
            name=doc.name,
            description=doc.description or "",
            brand=doc.brand,
            category_id=cat_id,
            category_name=cat_name,
            price=float(doc.price),
            quantity=int(doc.quantity),
            created_by=getattr(doc, "created_by", ""),
            created_at=doc.created_at.isoformat(),
            updated_at=doc.updated_at.isoformat(),
        )
E       pydantic_core._pydantic_core.ValidationError: 2 validation errors for ProductResponse
E       category_name
E         Input should be a valid string [type=string_type, input_value=<MagicMock name='mock.cre...tle' id='2250911706688'>, input_type=MagicMock]
E           For further information visit https://errors.pydantic.dev/2.12/v/string_type
E       created_by
E         Input should be a valid string [type=string_type, input_value=<MagicMock name='mock.cre..._by' id='2250911707024'>, input_type=MagicMock]
E           For further information visit https://errors.pydantic.dev/2.12/v/string_type

products\services\product_service.py:212: ValidationError
============================== warnings summary ===============================
..\..\..\..\..\..\AppData\Local\Programs\Python\Python314\Lib\site-packages\mongoengine\connection.py:203
  C:\Users\harsh\AppData\Local\Programs\Python\Python314\Lib\site-packages\mongoengine\connection.py:203: DeprecationWarning: No uuidRepresentation is specified! Falling back to 'pythonLegacy' which is the default for pymongo 3.x. For compatibility with other MongoDB drivers this should be specified as 'standard' or '{java,csharp}Legacy' to work with older drivers in those languages. This will be changed to 'unspecified' in a future release.
    warnings.warn(

-- Docs: https://docs.pytest.org/en/stable/how-to/capture-warnings.html
=========================== short test summary info ===========================
FAILED products/tests/test_product_service.py::TestProductService::test_create_product_success[Product 1-Desc 1-Brand A-10.0-5] - pydantic_core._pydantic_core.ValidationError: 2 validation errors for ProductResponse
category_name
  Input should be a valid string [type=string_type, input_value=<MagicMock name='mock.cre...tle' id='2250911697616'>, input_type=MagicMock]
    For further information visit https://errors.pydantic.dev/2.12/v/string_type
created_by
  Input should be a valid string [type=string_type, input_value=<MagicMock name='mock.cre..._by' id='2250911697952'>, input_type=MagicMock]
    For further information visit https://errors.pydantic.dev/2.12/v/string_type
FAILED products/tests/test_product_service.py::TestProductService::test_create_product_success[Product 2-Desc 2-Brand B-20.0-10] - pydantic_core._pydantic_core.ValidationError: 2 validation errors for ProductResponse
category_name
  Input should be a valid string [type=string_type, input_value=<MagicMock name='mock.cre...tle' id='2250911702992'>, input_type=MagicMock]
    For further information visit https://errors.pydantic.dev/2.12/v/string_type
created_by
  Input should be a valid string [type=string_type, input_value=<MagicMock name='mock.cre..._by' id='2250911703328'>, input_type=MagicMock]
    For further information visit https://errors.pydantic.dev/2.12/v/string_type
FAILED products/tests/test_product_service.py::TestProductService::test_create_product_success[Product 3-Desc 3-Brand C-30.0-15] - pydantic_core._pydantic_core.ValidationError: 2 validation errors for ProductResponse
category_name
  Input should be a valid string [type=string_type, input_value=<MagicMock name='mock.cre...tle' id='2250911706688'>, input_type=MagicMock]
    For further information visit https://errors.pydantic.dev/2.12/v/string_type
created_by
  Input should be a valid string [type=string_type, input_value=<MagicMock name='mock.cre..._by' id='2250911707024'>, input_type=MagicMock]
    For further information visit https://errors.pydantic.dev/2.12/v/string_type
=================== 3 failed, 7 passed, 1 warning in 0.67s ====================
